<?xml version="1.0" encoding="UTF-8"?>
<robot generator="Robot 3.2.2 (Python 3.8.6 on win32)" generated="20201016 17:26:20.421" rpa="false">
<suite id="s1" name="RobotProject1" source="C:\Users\mehdi\git\RobotProject\RobotProject1">
<suite id="s1-s1" name="Test" source="C:\Users\mehdi\git\RobotProject\RobotProject1\Test">
<suite id="s1-s1-s1" name="TestSuit1" source="C:\Users\mehdi\git\RobotProject\RobotProject1\Test\TestSuit1.robot">
<kw name="Log" library="BuiltIn" type="setup">
<doc>Logs the given message with the given level.</doc>
<arguments>
<arg>I am inside testSuite setup</arg>
</arguments>
<msg timestamp="20201016 17:26:21.357" level="INFO">I am inside testSuite setup</msg>
<status status="PASS" starttime="20201016 17:26:21.357" endtime="20201016 17:26:21.357"></status>
</kw>
<test id="s1-s1-s1-t1" name="MyFirstTest">
<kw name="Log" library="BuiltIn" type="setup">
<doc>Logs the given message with the given level.</doc>
<arguments>
<arg>I am inside test setup</arg>
</arguments>
<msg timestamp="20201016 17:26:21.358" level="INFO">I am inside test setup</msg>
<status status="PASS" starttime="20201016 17:26:21.358" endtime="20201016 17:26:21.358"></status>
</kw>
<kw name="Log" library="BuiltIn">
<doc>Logs the given message with the given level.</doc>
<arguments>
<arg>Hello World!</arg>
</arguments>
<msg timestamp="20201016 17:26:21.359" level="INFO">Hello World!</msg>
<status status="PASS" starttime="20201016 17:26:21.359" endtime="20201016 17:26:21.359"></status>
</kw>
<kw name="Log" library="BuiltIn" type="teardown">
<doc>Logs the given message with the given level.</doc>
<arguments>
<arg>I am inside test teardown now</arg>
</arguments>
<msg timestamp="20201016 17:26:21.360" level="INFO">I am inside test teardown now</msg>
<status status="PASS" starttime="20201016 17:26:21.359" endtime="20201016 17:26:21.360"></status>
</kw>
<tags>
<tag>test1</tag>
</tags>
<status status="PASS" starttime="20201016 17:26:21.357" endtime="20201016 17:26:21.360" critical="yes"></status>
</test>
<test id="s1-s1-s1-t2" name="FirstSeleniumTest">
<kw name="Log" library="BuiltIn" type="setup">
<doc>Logs the given message with the given level.</doc>
<arguments>
<arg>I am inside test setup</arg>
</arguments>
<msg timestamp="20201016 17:26:21.361" level="INFO">I am inside test setup</msg>
<status status="PASS" starttime="20201016 17:26:21.361" endtime="20201016 17:26:21.361"></status>
</kw>
<kw name="Set Tags" library="BuiltIn">
<doc>Adds given ``tags`` for the current test or all tests in a suite.</doc>
<arguments>
<arg>test2</arg>
</arguments>
<msg timestamp="20201016 17:26:21.362" level="INFO">Set tag 'test2'.</msg>
<status status="PASS" starttime="20201016 17:26:21.362" endtime="20201016 17:26:21.362"></status>
</kw>
<kw name="Remove Tags" library="BuiltIn">
<doc>Removes given ``tags`` from the current test or all tests in a suite.</doc>
<arguments>
<arg>seleniumTest</arg>
</arguments>
<msg timestamp="20201016 17:26:21.363" level="INFO">Removed tag 'seleniumTest'.</msg>
<status status="PASS" starttime="20201016 17:26:21.362" endtime="20201016 17:26:21.363"></status>
</kw>
<kw name="Open Browser" library="SeleniumLibrary">
<doc>Opens a new browser instance to the optional ``url``.</doc>
<arguments>
<arg>https://google.com</arg>
<arg>chrome</arg>
</arguments>
<msg timestamp="20201016 17:26:21.364" level="INFO">Opening browser 'chrome' to base url 'https://google.com'.</msg>
<status status="PASS" starttime="20201016 17:26:21.363" endtime="20201016 17:26:26.900"></status>
</kw>
<kw name="Set Browser Implicit Wait" library="SeleniumLibrary">
<doc>Sets the implicit wait value used by Selenium.</doc>
<arguments>
<arg>5</arg>
</arguments>
<status status="PASS" starttime="20201016 17:26:26.900" endtime="20201016 17:26:26.904"></status>
</kw>
<kw name="Input Text" library="SeleniumLibrary">
<doc>Types the given ``text`` into the text field identified by ``locator``.</doc>
<arguments>
<arg>name=q</arg>
<arg>testRecherche</arg>
</arguments>
<msg timestamp="20201016 17:26:26.905" level="INFO">Typing text 'testRecherche' into text field 'name=q'.</msg>
<status status="PASS" starttime="20201016 17:26:26.905" endtime="20201016 17:26:27.026"></status>
</kw>
<kw name="Press Keys" library="SeleniumLibrary">
<doc>Simulates the user pressing key(s) to an element or on the active browser.</doc>
<arguments>
<arg>name=q</arg>
<arg>ENTER</arg>
</arguments>
<msg timestamp="20201016 17:26:27.027" level="INFO">Sending key(s) ('ENTER',) to name=q element.</msg>
<msg timestamp="20201016 17:26:27.314" level="INFO">Pressing special key ENTER to element.</msg>
<msg timestamp="20201016 17:26:27.315" level="INFO">Releasing special key ENTER.</msg>
<status status="PASS" starttime="20201016 17:26:27.027" endtime="20201016 17:26:29.189"></status>
</kw>
<kw name="Sleep" library="BuiltIn">
<doc>Pauses the test executed for the given time.</doc>
<arguments>
<arg>2</arg>
</arguments>
<msg timestamp="20201016 17:26:31.190" level="INFO">Slept 2 seconds</msg>
<status status="PASS" starttime="20201016 17:26:29.189" endtime="20201016 17:26:31.191"></status>
</kw>
<kw name="Close Browser" library="SeleniumLibrary">
<doc>Closes the current browser.</doc>
<status status="PASS" starttime="20201016 17:26:31.192" endtime="20201016 17:26:33.313"></status>
</kw>
<kw name="Log" library="BuiltIn">
<doc>Logs the given message with the given level.</doc>
<arguments>
<arg>Test completed!</arg>
</arguments>
<msg timestamp="20201016 17:26:33.316" level="INFO">Test completed!</msg>
<status status="PASS" starttime="20201016 17:26:33.314" endtime="20201016 17:26:33.316"></status>
</kw>
<kw name="Log" library="BuiltIn" type="teardown">
<doc>Logs the given message with the given level.</doc>
<arguments>
<arg>I am inside test teardown now</arg>
</arguments>
<msg timestamp="20201016 17:26:33.319" level="INFO">I am inside test teardown now</msg>
<status status="PASS" starttime="20201016 17:26:33.318" endtime="20201016 17:26:33.320"></status>
</kw>
<tags>
<tag>sanity</tag>
<tag>test2</tag>
</tags>
<status status="PASS" starttime="20201016 17:26:21.360" endtime="20201016 17:26:33.321" critical="yes"></status>
</test>
<test id="s1-s1-s1-t3" name="SampleLoginTest">
<kw name="Log" library="BuiltIn" type="setup">
<doc>Logs the given message with the given level.</doc>
<arguments>
<arg>I am inside test setup</arg>
</arguments>
<msg timestamp="20201016 17:26:33.331" level="INFO">I am inside test setup</msg>
<status status="PASS" starttime="20201016 17:26:33.329" endtime="20201016 17:26:33.331"></status>
</kw>
<kw name="Open Browser" library="SeleniumLibrary">
<doc>Opens a new browser instance to the optional ``url``.</doc>
<arguments>
<arg>${URL}</arg>
<arg>chrome</arg>
</arguments>
<msg timestamp="20201016 17:26:33.333" level="INFO">Opening browser 'chrome' to base url 'https://opensource-demo.orangehrmlive.com/'.</msg>
<status status="PASS" starttime="20201016 17:26:33.332" endtime="20201016 17:26:39.358"></status>
</kw>
<kw name="Maximize Browser Window" library="SeleniumLibrary">
<doc>Maximizes current browser window.</doc>
<status status="PASS" starttime="20201016 17:26:39.358" endtime="20201016 17:26:41.526"></status>
</kw>
<kw name="Set Selenium Implicit Wait" library="SeleniumLibrary">
<doc>Sets the implicit wait value used by Selenium.</doc>
<arguments>
<arg>5</arg>
</arguments>
<status status="PASS" starttime="20201016 17:26:41.528" endtime="20201016 17:26:41.536"></status>
</kw>
<kw name="LoginKW">
<arguments>
<arg>${CREDENTIALS}[0]</arg>
<arg>${LOGININFOS}[password]</arg>
</arguments>
<kw name="Input Text" library="SeleniumLibrary">
<doc>Types the given ``text`` into the text field identified by ``locator``.</doc>
<arguments>
<arg>id=txtUsername</arg>
<arg>${usr}</arg>
</arguments>
<msg timestamp="20201016 17:26:41.543" level="INFO">Typing text 'Admin' into text field 'id=txtUsername'.</msg>
<status status="PASS" starttime="20201016 17:26:41.541" endtime="20201016 17:26:41.740"></status>
</kw>
<kw name="Input Password" library="SeleniumLibrary">
<doc>Types the given password into the text field identified by ``locator``.</doc>
<arguments>
<arg>id=txtPassword</arg>
<arg>${pswd}</arg>
</arguments>
<msg timestamp="20201016 17:26:41.741" level="INFO">Typing password into text field 'id=txtPassword'.</msg>
<msg timestamp="20201016 17:26:41.792" level="INFO">Temporally setting log level to: NONE</msg>
<msg timestamp="20201016 17:26:41.871" level="INFO">Log level changed from NONE to INFO.</msg>
<status status="PASS" starttime="20201016 17:26:41.741" endtime="20201016 17:26:41.872"></status>
</kw>
<kw name="Click Button" library="SeleniumLibrary">
<doc>Clicks the button identified by ``locator``.</doc>
<arguments>
<arg>id=btnLogin</arg>
</arguments>
<msg timestamp="20201016 17:26:41.873" level="INFO">Clicking button 'id=btnLogin'.</msg>
<status status="PASS" starttime="20201016 17:26:41.872" endtime="20201016 17:26:44.972"></status>
</kw>
<status status="PASS" starttime="20201016 17:26:41.538" endtime="20201016 17:26:44.973"></status>
</kw>
<kw name="Click Element" library="SeleniumLibrary">
<doc>Click the element identified by ``locator``.</doc>
<arguments>
<arg>id=welcome</arg>
</arguments>
<msg timestamp="20201016 17:26:44.974" level="INFO">Clicking element 'id=welcome'.</msg>
<status status="PASS" starttime="20201016 17:26:44.973" endtime="20201016 17:26:45.042"></status>
</kw>
<kw name="Click Element" library="SeleniumLibrary">
<doc>Click the element identified by ``locator``.</doc>
<arguments>
<arg>link=Logout</arg>
</arguments>
<msg timestamp="20201016 17:26:45.043" level="INFO">Clicking element 'link=Logout'.</msg>
<status status="PASS" starttime="20201016 17:26:45.042" endtime="20201016 17:26:45.831"></status>
</kw>
<kw name="Log" library="BuiltIn">
<doc>Logs the given message with the given level.</doc>
<arguments>
<arg>Test completed</arg>
</arguments>
<msg timestamp="20201016 17:26:45.832" level="INFO">Test completed</msg>
<status status="PASS" starttime="20201016 17:26:45.832" endtime="20201016 17:26:45.833"></status>
</kw>
<kw name="Log" library="BuiltIn">
<doc>Logs the given message with the given level.</doc>
<arguments>
<arg>This test was executed by %{username} on %{os}</arg>
</arguments>
<msg timestamp="20201016 17:26:45.834" level="INFO">This test was executed by mehdi on Windows_NT</msg>
<status status="PASS" starttime="20201016 17:26:45.833" endtime="20201016 17:26:45.835"></status>
</kw>
<kw name="Close Browser" library="SeleniumLibrary">
<doc>Closes the current browser.</doc>
<status status="PASS" starttime="20201016 17:26:45.835" endtime="20201016 17:26:47.947"></status>
</kw>
<kw name="Log" library="BuiltIn" type="teardown">
<doc>Logs the given message with the given level.</doc>
<arguments>
<arg>I am inside test teardown now</arg>
</arguments>
<msg timestamp="20201016 17:26:47.951" level="INFO">I am inside test teardown now</msg>
<status status="PASS" starttime="20201016 17:26:47.949" endtime="20201016 17:26:47.951"></status>
</kw>
<doc>This is a sample login test</doc>
<tags>
<tag>havetoexclude</tag>
</tags>
<status status="PASS" starttime="20201016 17:26:33.326" endtime="20201016 17:26:47.952" critical="yes"></status>
</test>
<kw name="Log" library="BuiltIn" type="teardown">
<doc>Logs the given message with the given level.</doc>
<arguments>
<arg>I am inside testSuite teardown</arg>
</arguments>
<msg timestamp="20201016 17:26:47.957" level="INFO">I am inside testSuite teardown</msg>
<status status="PASS" starttime="20201016 17:26:47.956" endtime="20201016 17:26:47.957"></status>
</kw>
<status status="PASS" starttime="20201016 17:26:20.555" endtime="20201016 17:26:47.958"></status>
</suite>
<status status="PASS" starttime="20201016 17:26:20.552" endtime="20201016 17:26:47.973"></status>
</suite>
<status status="PASS" starttime="20201016 17:26:20.510" endtime="20201016 17:26:47.982"></status>
</suite>
<statistics>
<total>
<stat pass="3" fail="0">Critical Tests</stat>
<stat pass="3" fail="0">All Tests</stat>
</total>
<tag>
<stat pass="1" fail="0">havetoexclude</stat>
<stat pass="1" fail="0">sanity</stat>
<stat pass="1" fail="0">test1</stat>
<stat pass="1" fail="0">test2</stat>
</tag>
<suite>
<stat pass="3" fail="0" id="s1" name="RobotProject1">RobotProject1</stat>
<stat pass="3" fail="0" id="s1-s1" name="Test">RobotProject1.Test</stat>
<stat pass="3" fail="0" id="s1-s1-s1" name="TestSuit1">RobotProject1.Test.TestSuit1</stat>
</suite>
</statistics>
<errors>
</errors>
</robot>
